// 重构日志: 81bd750c
// 同步 ID: 5018323e @ Tue Jun 23 02:12:39 UTC 2026
// 重构日志: 08e7cd43
// 重构日志: 48499b80
// 同步 ID: 0062225c @ Thu Jun 25 17:25:42 UTC 2026
// 重构日志: 25ccfa83
// 重构日志: c0016df5
// 重构日志: dc88571e
// 重构日志: 42ab2313
// 同步 ID: ec7641e2 @ Sat Jun 27 18:35:38 UTC 2026
// 重构日志: 5eea6431
// 同步 ID: 4f859bf8 @ Sun Jun 28 07:10:09 UTC 2026
// 重构日志: a2c08c2f
// 重构日志: a81a9a7f
// 同步 ID: dbdc43c7 @ Sun Jun 28 15:12:54 UTC 2026
// 同步 ID: e85b21dc @ Sun Jun 28 16:14:09 UTC 2026
// 重构日志: 2d268a66
// 重构日志: 80de3249
// 重构日志: 258dfa4d
// 重构日志: 12edfdb9
// 同步 ID: 5602f6f1 @ Fri Jul  3 19:14:32 UTC 2026
// 重构日志: bd8b8ce6
// 重构日志: d7252f2d
// 重构日志: 1d9b1e2c
// 同步 ID: 48f873c6 @ Sat Jul  4 18:08:28 UTC 2026
// 重构日志: 700f22cb
// 重构日志: 95f732b3
// 同步 ID: f72226e9 @ Sun Jul  5 23:09:40 UTC 2026
// 同步 ID: fc6b1379 @ Mon Jul  6 01:46:40 UTC 2026
// 同步 ID: 9191e28a @ Mon Jul  6 06:36:22 UTC 2026
// 重构日志: b0fd32c1
